Copyright 1986-2020 Xilinx, Inc. All Rights Reserved.
--------------------------------------------------------------------------------------------------------------------------------------------------------------
| Tool Version : Vivado v.2020.2 (win64) Build 3064766 Wed Nov 18 09:12:45 MST 2020
| Date         : Wed Mar 30 09:48:22 2022
| Host         : LAPTOP-8I7AMU76 running 64-bit major release  (build 9200)
| Command      : report_methodology -file au_top_0_methodology_drc_routed.rpt -pb au_top_0_methodology_drc_routed.pb -rpx au_top_0_methodology_drc_routed.rpx
| Design       : au_top_0
| Device       : xc7a35tftg256-1
| Speed File   : -1
| Design State : Fully Routed
--------------------------------------------------------------------------------------------------------------------------------------------------------------

Report Methodology

Table of Contents
-----------------
1. REPORT SUMMARY
2. REPORT DETAILS

1. REPORT SUMMARY
-----------------
            Netlist: netlist
          Floorplan: design_1
      Design limits: <entire design considered>
             Max violations: <unlimited>
             Violations found: 53
+-----------+----------+-------------------------------+------------+
| Rule      | Severity | Description                   | Violations |
+-----------+----------+-------------------------------+------------+
| TIMING-18 | Warning  | Missing input or output delay | 21         |
| TIMING-20 | Warning  | Non-clocked latch             | 32         |
+-----------+----------+-------------------------------+------------+

2. REPORT DETAILS
-----------------
TIMING-18#1 Warning
Missing input or output delay  
An input delay is missing on button[0] relative to clock(s) clk_0
Related violations: <none>

TIMING-18#2 Warning
Missing input or output delay  
An input delay is missing on button[10] relative to clock(s) clk_0
Related violations: <none>

TIMING-18#3 Warning
Missing input or output delay  
An input delay is missing on button[11] relative to clock(s) clk_0
Related violations: <none>

TIMING-18#4 Warning
Missing input or output delay  
An input delay is missing on button[12] relative to clock(s) clk_0
Related violations: <none>

TIMING-18#5 Warning
Missing input or output delay  
An input delay is missing on button[13] relative to clock(s) clk_0
Related violations: <none>

TIMING-18#6 Warning
Missing input or output delay  
An input delay is missing on button[14] relative to clock(s) clk_0
Related violations: <none>

TIMING-18#7 Warning
Missing input or output delay  
An input delay is missing on button[15] relative to clock(s) clk_0
Related violations: <none>

TIMING-18#8 Warning
Missing input or output delay  
An input delay is missing on button[1] relative to clock(s) clk_0
Related violations: <none>

TIMING-18#9 Warning
Missing input or output delay  
An input delay is missing on button[2] relative to clock(s) clk_0
Related violations: <none>

TIMING-18#10 Warning
Missing input or output delay  
An input delay is missing on button[3] relative to clock(s) clk_0
Related violations: <none>

TIMING-18#11 Warning
Missing input or output delay  
An input delay is missing on button[4] relative to clock(s) clk_0
Related violations: <none>

TIMING-18#12 Warning
Missing input or output delay  
An input delay is missing on button[5] relative to clock(s) clk_0
Related violations: <none>

TIMING-18#13 Warning
Missing input or output delay  
An input delay is missing on button[6] relative to clock(s) clk_0
Related violations: <none>

TIMING-18#14 Warning
Missing input or output delay  
An input delay is missing on button[7] relative to clock(s) clk_0
Related violations: <none>

TIMING-18#15 Warning
Missing input or output delay  
An input delay is missing on button[8] relative to clock(s) clk_0
Related violations: <none>

TIMING-18#16 Warning
Missing input or output delay  
An input delay is missing on button[9] relative to clock(s) clk_0
Related violations: <none>

TIMING-18#17 Warning
Missing input or output delay  
An input delay is missing on rst_n relative to clock(s) clk_0
Related violations: <none>

TIMING-18#18 Warning
Missing input or output delay  
An output delay is missing on led_strip[0] relative to clock(s) clk_0
Related violations: <none>

TIMING-18#19 Warning
Missing input or output delay  
An output delay is missing on led_strip[1] relative to clock(s) clk_0
Related violations: <none>

TIMING-18#20 Warning
Missing input or output delay  
An output delay is missing on led_strip[2] relative to clock(s) clk_0
Related violations: <none>

TIMING-18#21 Warning
Missing input or output delay  
An output delay is missing on led_strip[3] relative to clock(s) clk_0
Related violations: <none>

TIMING-20#1 Warning
Non-clocked latch  
The latch M_alu_machine_button_pressed_reg[0] cannot be properly analyzed as its control pin M_alu_machine_button_pressed_reg[0]/G is not reached by a timing clock
Related violations: <none>

TIMING-20#2 Warning
Non-clocked latch  
The latch M_alu_machine_button_pressed_reg[10] cannot be properly analyzed as its control pin M_alu_machine_button_pressed_reg[10]/G is not reached by a timing clock
Related violations: <none>

TIMING-20#3 Warning
Non-clocked latch  
The latch M_alu_machine_button_pressed_reg[11] cannot be properly analyzed as its control pin M_alu_machine_button_pressed_reg[11]/G is not reached by a timing clock
Related violations: <none>

TIMING-20#4 Warning
Non-clocked latch  
The latch M_alu_machine_button_pressed_reg[12] cannot be properly analyzed as its control pin M_alu_machine_button_pressed_reg[12]/G is not reached by a timing clock
Related violations: <none>

TIMING-20#5 Warning
Non-clocked latch  
The latch M_alu_machine_button_pressed_reg[13] cannot be properly analyzed as its control pin M_alu_machine_button_pressed_reg[13]/G is not reached by a timing clock
Related violations: <none>

TIMING-20#6 Warning
Non-clocked latch  
The latch M_alu_machine_button_pressed_reg[14] cannot be properly analyzed as its control pin M_alu_machine_button_pressed_reg[14]/G is not reached by a timing clock
Related violations: <none>

TIMING-20#7 Warning
Non-clocked latch  
The latch M_alu_machine_button_pressed_reg[15] cannot be properly analyzed as its control pin M_alu_machine_button_pressed_reg[15]/G is not reached by a timing clock
Related violations: <none>

TIMING-20#8 Warning
Non-clocked latch  
The latch M_alu_machine_button_pressed_reg[1] cannot be properly analyzed as its control pin M_alu_machine_button_pressed_reg[1]/G is not reached by a timing clock
Related violations: <none>

TIMING-20#9 Warning
Non-clocked latch  
The latch M_alu_machine_button_pressed_reg[2] cannot be properly analyzed as its control pin M_alu_machine_button_pressed_reg[2]/G is not reached by a timing clock
Related violations: <none>

TIMING-20#10 Warning
Non-clocked latch  
The latch M_alu_machine_button_pressed_reg[3] cannot be properly analyzed as its control pin M_alu_machine_button_pressed_reg[3]/G is not reached by a timing clock
Related violations: <none>

TIMING-20#11 Warning
Non-clocked latch  
The latch M_alu_machine_button_pressed_reg[4] cannot be properly analyzed as its control pin M_alu_machine_button_pressed_reg[4]/G is not reached by a timing clock
Related violations: <none>

TIMING-20#12 Warning
Non-clocked latch  
The latch M_alu_machine_button_pressed_reg[5] cannot be properly analyzed as its control pin M_alu_machine_button_pressed_reg[5]/G is not reached by a timing clock
Related violations: <none>

TIMING-20#13 Warning
Non-clocked latch  
The latch M_alu_machine_button_pressed_reg[6] cannot be properly analyzed as its control pin M_alu_machine_button_pressed_reg[6]/G is not reached by a timing clock
Related violations: <none>

TIMING-20#14 Warning
Non-clocked latch  
The latch M_alu_machine_button_pressed_reg[7] cannot be properly analyzed as its control pin M_alu_machine_button_pressed_reg[7]/G is not reached by a timing clock
Related violations: <none>

TIMING-20#15 Warning
Non-clocked latch  
The latch M_alu_machine_button_pressed_reg[8] cannot be properly analyzed as its control pin M_alu_machine_button_pressed_reg[8]/G is not reached by a timing clock
Related violations: <none>

TIMING-20#16 Warning
Non-clocked latch  
The latch M_alu_machine_button_pressed_reg[9] cannot be properly analyzed as its control pin M_alu_machine_button_pressed_reg[9]/G is not reached by a timing clock
Related violations: <none>

TIMING-20#17 Warning
Non-clocked latch  
The latch M_alu_machine_state_reg[0] cannot be properly analyzed as its control pin M_alu_machine_state_reg[0]/G is not reached by a timing clock
Related violations: <none>

TIMING-20#18 Warning
Non-clocked latch  
The latch M_alu_machine_state_reg[10] cannot be properly analyzed as its control pin M_alu_machine_state_reg[10]/G is not reached by a timing clock
Related violations: <none>

TIMING-20#19 Warning
Non-clocked latch  
The latch M_alu_machine_state_reg[11] cannot be properly analyzed as its control pin M_alu_machine_state_reg[11]/G is not reached by a timing clock
Related violations: <none>

TIMING-20#20 Warning
Non-clocked latch  
The latch M_alu_machine_state_reg[12] cannot be properly analyzed as its control pin M_alu_machine_state_reg[12]/G is not reached by a timing clock
Related violations: <none>

TIMING-20#21 Warning
Non-clocked latch  
The latch M_alu_machine_state_reg[13] cannot be properly analyzed as its control pin M_alu_machine_state_reg[13]/G is not reached by a timing clock
Related violations: <none>

TIMING-20#22 Warning
Non-clocked latch  
The latch M_alu_machine_state_reg[14] cannot be properly analyzed as its control pin M_alu_machine_state_reg[14]/G is not reached by a timing clock
Related violations: <none>

TIMING-20#23 Warning
Non-clocked latch  
The latch M_alu_machine_state_reg[15] cannot be properly analyzed as its control pin M_alu_machine_state_reg[15]/G is not reached by a timing clock
Related violations: <none>

TIMING-20#24 Warning
Non-clocked latch  
The latch M_alu_machine_state_reg[1] cannot be properly analyzed as its control pin M_alu_machine_state_reg[1]/G is not reached by a timing clock
Related violations: <none>

TIMING-20#25 Warning
Non-clocked latch  
The latch M_alu_machine_state_reg[2] cannot be properly analyzed as its control pin M_alu_machine_state_reg[2]/G is not reached by a timing clock
Related violations: <none>

TIMING-20#26 Warning
Non-clocked latch  
The latch M_alu_machine_state_reg[3] cannot be properly analyzed as its control pin M_alu_machine_state_reg[3]/G is not reached by a timing clock
Related violations: <none>

TIMING-20#27 Warning
Non-clocked latch  
The latch M_alu_machine_state_reg[4] cannot be properly analyzed as its control pin M_alu_machine_state_reg[4]/G is not reached by a timing clock
Related violations: <none>

TIMING-20#28 Warning
Non-clocked latch  
The latch M_alu_machine_state_reg[5] cannot be properly analyzed as its control pin M_alu_machine_state_reg[5]/G is not reached by a timing clock
Related violations: <none>

TIMING-20#29 Warning
Non-clocked latch  
The latch M_alu_machine_state_reg[6] cannot be properly analyzed as its control pin M_alu_machine_state_reg[6]/G is not reached by a timing clock
Related violations: <none>

TIMING-20#30 Warning
Non-clocked latch  
The latch M_alu_machine_state_reg[7] cannot be properly analyzed as its control pin M_alu_machine_state_reg[7]/G is not reached by a timing clock
Related violations: <none>

TIMING-20#31 Warning
Non-clocked latch  
The latch M_alu_machine_state_reg[8] cannot be properly analyzed as its control pin M_alu_machine_state_reg[8]/G is not reached by a timing clock
Related violations: <none>

TIMING-20#32 Warning
Non-clocked latch  
The latch M_alu_machine_state_reg[9] cannot be properly analyzed as its control pin M_alu_machine_state_reg[9]/G is not reached by a timing clock
Related violations: <none>


